{"C:\\Users\\keynn\\OneDrive\\Documentos\\Parcial-Omar\\src\\app.ts": {"path":"C:\\Users\\keynn\\OneDrive\\Documentos\\Parcial-Omar\\src\\app.ts","statementMap":{"0":{"start":{"line":1,"column":0},"end":{"line":1,"column":67}},"1":{"start":{"line":2,"column":0},"end":{"line":2,"column":24}},"2":{"start":{"line":3,"column":0},"end":{"line":3,"column":28}},"3":{"start":{"line":4,"column":0},"end":{"line":4,"column":45}},"4":{"start":{"line":5,"column":0},"end":{"line":5,"column":47}},"5":{"start":{"line":6,"column":0},"end":{"line":6,"column":35}},"6":{"start":{"line":8,"column":0},"end":{"line":8,"column":16}},"7":{"start":{"line":10,"column":13},"end":{"line":10,"column":22}},"8":{"start":{"line":11,"column":13},"end":{"line":11,"column":49}},"9":{"start":{"line":14,"column":0},"end":{"line":14,"column":16}},"10":{"start":{"line":15,"column":0},"end":{"line":15,"column":24}},"11":{"start":{"line":16,"column":0},"end":{"line":16,"column":48}},"12":{"start":{"line":19,"column":0},"end":{"line":22,"column":3}},"13":{"start":{"line":20,"column":2},"end":{"line":20,"column":73}},"14":{"start":{"line":21,"column":2},"end":{"line":21,"column":9}},"15":{"start":{"line":25,"column":0},"end":{"line":25,"column":30}},"16":{"start":{"line":26,"column":0},"end":{"line":26,"column":32}},"17":{"start":{"line":29,"column":0},"end":{"line":31,"column":3}},"18":{"start":{"line":30,"column":2},"end":{"line":30,"column":56}},"19":{"start":{"line":34,"column":0},"end":{"line":37,"column":3}},"20":{"start":{"line":35,"column":2},"end":{"line":35,"column":40}},"21":{"start":{"line":36,"column":2},"end":{"line":36,"column":59}},"22":{"start":{"line":41,"column":2},"end":{"line":44,"column":3}},"23":{"start":{"line":43,"column":4},"end":{"line":43,"column":11}},"24":{"start":{"line":45,"column":2},"end":{"line":78,"column":3}},"25":{"start":{"line":46,"column":4},"end":{"line":46,"column":78}},"26":{"start":{"line":49,"column":4},"end":{"line":57,"column":7}},"27":{"start":{"line":58,"column":4},"end":{"line":58,"column":60}},"28":{"start":{"line":61,"column":19},"end":{"line":61,"column":68}},"29":{"start":{"line":62,"column":18},"end":{"line":62,"column":48}},"30":{"start":{"line":64,"column":4},"end":{"line":75,"column":5}},"31":{"start":{"line":65,"column":6},"end":{"line":65,"column":58}},"32":{"start":{"line":66,"column":6},"end":{"line":73,"column":9}},"33":{"start":{"line":74,"column":6},"end":{"line":74,"column":66}},"34":{"start":{"line":77,"column":4},"end":{"line":77,"column":91}},"35":{"start":{"line":82,"column":0},"end":{"line":87,"column":1}},"36":{"start":{"line":83,"column":2},"end":{"line":86,"column":5}},"37":{"start":{"line":84,"column":4},"end":{"line":84,"column":105}},"38":{"start":{"line":85,"column":4},"end":{"line":85,"column":31}},"39":{"start":{"line":89,"column":0},"end":{"line":89,"column":19}}},"fnMap":{"0":{"name":"(anonymous_1)","decl":{"start":{"line":19,"column":8},"end":{"line":19,"column":9}},"loc":{"start":{"line":19,"column":61},"end":{"line":22,"column":1}}},"1":{"name":"(anonymous_2)","decl":{"start":{"line":29,"column":8},"end":{"line":29,"column":9}},"loc":{"start":{"line":29,"column":41},"end":{"line":31,"column":1}}},"2":{"name":"(anonymous_3)","decl":{"start":{"line":34,"column":8},"end":{"line":34,"column":9}},"loc":{"start":{"line":34,"column":74},"end":{"line":37,"column":1}}},"3":{"name":"initializeDatabase","decl":{"start":{"line":40,"column":15},"end":{"line":40,"column":33}},"loc":{"start":{"line":40,"column":33},"end":{"line":79,"column":1}}},"4":{"name":"(anonymous_5)","decl":{"start":{"line":83,"column":19},"end":{"line":83,"column":24}},"loc":{"start":{"line":83,"column":30},"end":{"line":86,"column":3}}}},"branchMap":{"0":{"loc":{"start":{"line":11,"column":22},"end":{"line":11,"column":48}},"type":"binary-expr","locations":[{"start":{"line":11,"column":22},"end":{"line":11,"column":38}},{"start":{"line":11,"column":42},"end":{"line":11,"column":48}}]},"1":{"loc":{"start":{"line":41,"column":2},"end":{"line":44,"column":3}},"type":"if","locations":[{"start":{"line":41,"column":2},"end":{"line":44,"column":3}}]},"2":{"loc":{"start":{"line":64,"column":4},"end":{"line":75,"column":5}},"type":"if","locations":[{"start":{"line":64,"column":4},"end":{"line":75,"column":5}}]},"3":{"loc":{"start":{"line":82,"column":0},"end":{"line":87,"column":1}},"type":"if","locations":[{"start":{"line":82,"column":0},"end":{"line":87,"column":1}}]},"4":{"loc":{"start":{"line":84,"column":64},"end":{"line":84,"column":101}},"type":"binary-expr","locations":[{"start":{"line":84,"column":64},"end":{"line":84,"column":84}},{"start":{"line":84,"column":88},"end":{"line":84,"column":101}}]}},"s":{"0":2,"1":2,"2":2,"3":2,"4":2,"5":2,"6":2,"7":2,"8":2,"9":2,"10":2,"11":2,"12":2,"13":12,"14":12,"15":2,"16":2,"17":2,"18":1,"19":2,"20":0,"21":0,"22":0,"23":0,"24":0,"25":0,"26":0,"27":0,"28":0,"29":0,"30":0,"31":0,"32":0,"33":0,"34":0,"35":2,"36":0,"37":0,"38":0,"39":2},"f":{"0":12,"1":1,"2":0,"3":0,"4":0},"b":{"0":[2,2],"1":[0],"2":[0],"3":[0],"4":[0,0]}}
,"C:\\Users\\keynn\\OneDrive\\Documentos\\Parcial-Omar\\src\\routes\\health.ts": {"path":"C:\\Users\\keynn\\OneDrive\\Documentos\\Parcial-Omar\\src\\routes\\health.ts","statementMap":{"0":{"start":{"line":1,"column":0},"end":{"line":1,"column":52}},"1":{"start":{"line":2,"column":0},"end":{"line":2,"column":36}},"2":{"start":{"line":4,"column":15},"end":{"line":4,"column":23}},"3":{"start":{"line":8,"column":0},"end":{"line":15,"column":3}},"4":{"start":{"line":9,"column":2},"end":{"line":14,"column":5}},"5":{"start":{"line":19,"column":0},"end":{"line":43,"column":3}},"6":{"start":{"line":20,"column":2},"end":{"line":42,"column":3}},"7":{"start":{"line":21,"column":18},"end":{"line":21,"column":28}},"8":{"start":{"line":22,"column":4},"end":{"line":22,"column":33}},"9":{"start":{"line":23,"column":24},"end":{"line":23,"column":42}},"10":{"start":{"line":25,"column":4},"end":{"line":35,"column":7}},"11":{"start":{"line":37,"column":4},"end":{"line":41,"column":7}},"12":{"start":{"line":46,"column":0},"end":{"line":51,"column":3}},"13":{"start":{"line":47,"column":2},"end":{"line":50,"column":5}},"14":{"start":{"line":53,"column":0},"end":{"line":53,"column":22}}},"fnMap":{"0":{"name":"(anonymous_1)","decl":{"start":{"line":8,"column":22},"end":{"line":8,"column":23}},"loc":{"start":{"line":8,"column":55},"end":{"line":15,"column":1}}},"1":{"name":"(anonymous_2)","decl":{"start":{"line":19,"column":22},"end":{"line":19,"column":27}},"loc":{"start":{"line":19,"column":61},"end":{"line":43,"column":1}}},"2":{"name":"(anonymous_3)","decl":{"start":{"line":46,"column":24},"end":{"line":46,"column":25}},"loc":{"start":{"line":46,"column":57},"end":{"line":51,"column":1}}}},"branchMap":{"0":{"loc":{"start":{"line":13,"column":15},"end":{"line":13,"column":49}},"type":"binary-expr","locations":[{"start":{"line":13,"column":15},"end":{"line":13,"column":38}},{"start":{"line":13,"column":42},"end":{"line":13,"column":49}}]},"1":{"loc":{"start":{"line":49,"column":13},"end":{"line":49,"column":50}},"type":"binary-expr","locations":[{"start":{"line":49,"column":13},"end":{"line":49,"column":33}},{"start":{"line":49,"column":37},"end":{"line":49,"column":50}}]}},"s":{"0":2,"1":2,"2":2,"3":2,"4":1,"5":2,"6":2,"7":2,"8":2,"9":1,"10":1,"11":1,"12":2,"13":1,"14":2},"f":{"0":1,"1":2,"2":1},"b":{"0":[1,1],"1":[1,0]}}
,"C:\\Users\\keynn\\OneDrive\\Documentos\\Parcial-Omar\\src\\routes\\products.ts": {"path":"C:\\Users\\keynn\\OneDrive\\Documentos\\Parcial-Omar\\src\\routes\\products.ts","statementMap":{"0":{"start":{"line":1,"column":0},"end":{"line":1,"column":52}},"1":{"start":{"line":2,"column":0},"end":{"line":2,"column":36}},"2":{"start":{"line":4,"column":15},"end":{"line":4,"column":23}},"3":{"start":{"line":7,"column":0},"end":{"line":16,"column":3}},"4":{"start":{"line":8,"column":2},"end":{"line":15,"column":3}},"5":{"start":{"line":9,"column":19},"end":{"line":10,"column":null}},"6":{"start":{"line":12,"column":4},"end":{"line":12,"column":72}},"7":{"start":{"line":14,"column":4},"end":{"line":14,"column":60}},"8":{"start":{"line":19,"column":0},"end":{"line":35,"column":3}},"9":{"start":{"line":20,"column":17},"end":{"line":20,"column":27}},"10":{"start":{"line":21,"column":2},"end":{"line":23,"column":3}},"11":{"start":{"line":22,"column":4},"end":{"line":22,"column":68}},"12":{"start":{"line":24,"column":2},"end":{"line":34,"column":3}},"13":{"start":{"line":25,"column":19},"end":{"line":26,"column":null}},"14":{"start":{"line":28,"column":4},"end":{"line":30,"column":5}},"15":{"start":{"line":29,"column":6},"end":{"line":29,"column":71}},"16":{"start":{"line":31,"column":4},"end":{"line":31,"column":51}},"17":{"start":{"line":33,"column":4},"end":{"line":33,"column":60}},"18":{"start":{"line":38,"column":0},"end":{"line":57,"column":3}},"19":{"start":{"line":39,"column":39},"end":{"line":39,"column":null}},"20":{"start":{"line":43,"column":2},"end":{"line":45,"column":3}},"21":{"start":{"line":44,"column":4},"end":{"line":44,"column":74}},"22":{"start":{"line":47,"column":2},"end":{"line":56,"column":3}},"23":{"start":{"line":48,"column":19},"end":{"line":51,"column":null}},"24":{"start":{"line":53,"column":4},"end":{"line":53,"column":51}},"25":{"start":{"line":55,"column":4},"end":{"line":55,"column":60}},"26":{"start":{"line":60,"column":0},"end":{"line":73,"column":3}},"27":{"start":{"line":61,"column":17},"end":{"line":61,"column":27}},"28":{"start":{"line":62,"column":2},"end":{"line":72,"column":3}},"29":{"start":{"line":63,"column":19},"end":{"line":64,"column":null}},"30":{"start":{"line":66,"column":4},"end":{"line":68,"column":5}},"31":{"start":{"line":67,"column":6},"end":{"line":67,"column":71}},"32":{"start":{"line":69,"column":4},"end":{"line":69,"column":66}},"33":{"start":{"line":71,"column":4},"end":{"line":71,"column":60}},"34":{"start":{"line":75,"column":0},"end":{"line":75,"column":22}}},"fnMap":{"0":{"name":"(anonymous_1)","decl":{"start":{"line":7,"column":24},"end":{"line":7,"column":29}},"loc":{"start":{"line":7,"column":63},"end":{"line":16,"column":1}}},"1":{"name":"(anonymous_2)","decl":{"start":{"line":19,"column":28},"end":{"line":19,"column":33}},"loc":{"start":{"line":19,"column":66},"end":{"line":35,"column":1}}},"2":{"name":"(anonymous_3)","decl":{"start":{"line":38,"column":25},"end":{"line":38,"column":30}},"loc":{"start":{"line":38,"column":63},"end":{"line":57,"column":1}}},"3":{"name":"(anonymous_4)","decl":{"start":{"line":60,"column":31},"end":{"line":60,"column":36}},"loc":{"start":{"line":60,"column":69},"end":{"line":73,"column":1}}}},"branchMap":{"0":{"loc":{"start":{"line":21,"column":2},"end":{"line":23,"column":3}},"type":"if","locations":[{"start":{"line":21,"column":2},"end":{"line":23,"column":3}}]},"1":{"loc":{"start":{"line":28,"column":4},"end":{"line":30,"column":5}},"type":"if","locations":[{"start":{"line":28,"column":4},"end":{"line":30,"column":5}}]},"2":{"loc":{"start":{"line":43,"column":2},"end":{"line":45,"column":3}},"type":"if","locations":[{"start":{"line":43,"column":2},"end":{"line":45,"column":3}}]},"3":{"loc":{"start":{"line":43,"column":6},"end":{"line":43,"column":34}},"type":"binary-expr","locations":[{"start":{"line":43,"column":6},"end":{"line":43,"column":11}},{"start":{"line":43,"column":15},"end":{"line":43,"column":34}}]},"4":{"loc":{"start":{"line":51,"column":13},"end":{"line":51,"column":32}},"type":"binary-expr","locations":[{"start":{"line":51,"column":13},"end":{"line":51,"column":24}},{"start":{"line":51,"column":28},"end":{"line":51,"column":32}}]},"5":{"loc":{"start":{"line":66,"column":4},"end":{"line":68,"column":5}},"type":"if","locations":[{"start":{"line":66,"column":4},"end":{"line":68,"column":5}}]}},"s":{"0":2,"1":2,"2":2,"3":2,"4":2,"5":2,"6":1,"7":1,"8":2,"9":3,"10":3,"11":1,"12":2,"13":2,"14":2,"15":1,"16":1,"17":0,"18":2,"19":2,"20":2,"21":1,"22":1,"23":1,"24":1,"25":0,"26":2,"27":0,"28":0,"29":0,"30":0,"31":0,"32":0,"33":0,"34":2},"f":{"0":2,"1":3,"2":2,"3":0},"b":{"0":[1],"1":[1],"2":[1],"3":[2,1],"4":[1,0],"5":[0]}}
}
