TN:
SF:src\app.ts
FN:19,(anonymous_1)
FN:29,(anonymous_2)
FN:34,(anonymous_3)
FN:40,initializeDatabase
FN:83,(anonymous_5)
FNF:5
FNH:2
FNDA:12,(anonymous_1)
FNDA:1,(anonymous_2)
FNDA:0,(anonymous_3)
FNDA:0,initializeDatabase
FNDA:0,(anonymous_5)
DA:1,2
DA:2,2
DA:3,2
DA:4,2
DA:5,2
DA:6,2
DA:8,2
DA:10,2
DA:11,2
DA:14,2
DA:15,2
DA:16,2
DA:19,2
DA:20,12
DA:21,12
DA:25,2
DA:26,2
DA:29,2
DA:30,1
DA:34,2
DA:35,0
DA:36,0
DA:41,0
DA:43,0
DA:45,0
DA:46,0
DA:49,0
DA:58,0
DA:61,0
DA:62,0
DA:64,0
DA:65,0
DA:66,0
DA:74,0
DA:77,0
DA:82,2
DA:83,0
DA:84,0
DA:85,0
DA:89,2
LF:40
LH:22
BRDA:11,0,0,2
BRDA:11,0,1,2
BRDA:41,1,0,0
BRDA:64,2,0,0
BRDA:82,3,0,0
BRDA:84,4,0,0
BRDA:84,4,1,0
BRF:7
BRH:2
end_of_record
TN:
SF:src\routes\health.ts
FN:8,(anonymous_1)
FN:19,(anonymous_2)
FN:46,(anonymous_3)
FNF:3
FNH:3
FNDA:1,(anonymous_1)
FNDA:2,(anonymous_2)
FNDA:1,(anonymous_3)
DA:1,2
DA:2,2
DA:4,2
DA:8,2
DA:9,1
DA:19,2
DA:20,2
DA:21,2
DA:22,2
DA:23,1
DA:25,1
DA:37,1
DA:46,2
DA:47,1
DA:53,2
LF:15
LH:15
BRDA:13,0,0,1
BRDA:13,0,1,1
BRDA:49,1,0,1
BRDA:49,1,1,0
BRF:4
BRH:3
end_of_record
TN:
SF:src\routes\products.ts
FN:7,(anonymous_1)
FN:19,(anonymous_2)
FN:38,(anonymous_3)
FN:60,(anonymous_4)
FNF:4
FNH:3
FNDA:2,(anonymous_1)
FNDA:3,(anonymous_2)
FNDA:2,(anonymous_3)
FNDA:0,(anonymous_4)
DA:1,2
DA:2,2
DA:4,2
DA:7,2
DA:8,2
DA:9,2
DA:12,1
DA:14,1
DA:19,2
DA:20,3
DA:21,3
DA:22,1
DA:24,2
DA:25,2
DA:28,2
DA:29,1
DA:31,1
DA:33,0
DA:38,2
DA:39,2
DA:43,2
DA:44,1
DA:47,1
DA:48,1
DA:53,1
DA:55,0
DA:60,2
DA:61,0
DA:62,0
DA:63,0
DA:66,0
DA:67,0
DA:69,0
DA:71,0
DA:75,2
LF:35
LH:26
BRDA:21,0,0,1
BRDA:28,1,0,1
BRDA:43,2,0,1
BRDA:43,3,0,2
BRDA:43,3,1,1
BRDA:51,4,0,1
BRDA:51,4,1,0
BRDA:66,5,0,0
BRF:8
BRH:6
end_of_record
